0 info it worked if it ends with ok
1 verbose cli [ 'C:\\Program Files\\nodejs\\node.exe',
1 verbose cli   'C:\\Program Files\\nodejs\\node_modules\\npm\\bin\\npm-cli.js',
1 verbose cli   'install' ]
2 info using npm@2.14.12
3 info using node@v4.2.6
4 verbose readDependencies loading dependencies from C:\Users\Theresa\Documents\Github\CMPUT391_W16\package.json
5 verbose install where, deps [ 'C:\\Users\\Theresa\\Documents\\Github\\CMPUT391_W16',
5 verbose install   [ 'body-parser',
5 verbose install     'bootstrap',
5 verbose install     'bower',
5 verbose install     'cookie-parser',
5 verbose install     'ejs',
5 verbose install     'express',
5 verbose install     'jquery',
5 verbose install     'oracledb' ] ]
6 verbose install where, peers [ 'C:\\Users\\Theresa\\Documents\\Github\\CMPUT391_W16', [] ]
7 verbose installManyTop reading for lifecycle C:\Users\Theresa\Documents\Github\CMPUT391_W16\package.json
8 info preinstall c391-project1-jwoo-tcngo@1.0.0
9 verbose installManyTop reading scoped package data from C:\Users\Theresa\Documents\Github\CMPUT391_W16\node_modules\body-parser\package.json
10 verbose installManyTop reading scoped package data from C:\Users\Theresa\Documents\Github\CMPUT391_W16\node_modules\bootstrap\package.json
11 verbose installManyTop reading scoped package data from C:\Users\Theresa\Documents\Github\CMPUT391_W16\node_modules\bower\package.json
12 verbose installManyTop reading scoped package data from C:\Users\Theresa\Documents\Github\CMPUT391_W16\node_modules\cookie-parser\package.json
13 verbose installManyTop reading scoped package data from C:\Users\Theresa\Documents\Github\CMPUT391_W16\node_modules\ejs\package.json
14 verbose installManyTop reading scoped package data from C:\Users\Theresa\Documents\Github\CMPUT391_W16\node_modules\express\package.json
15 verbose installManyTop reading scoped package data from C:\Users\Theresa\Documents\Github\CMPUT391_W16\node_modules\jquery\package.json
16 verbose installManyTop reading scoped package data from C:\Users\Theresa\Documents\Github\CMPUT391_W16\node_modules\oracledb\package.json
17 verbose readDependencies loading dependencies from C:\Users\Theresa\Documents\Github\CMPUT391_W16\package.json
18 verbose targetResolver reading package data from C:\Users\Theresa\Documents\Github\CMPUT391_W16\node_modules\body-parser\package.json
19 verbose targetResolver reading package data from C:\Users\Theresa\Documents\Github\CMPUT391_W16\node_modules\bootstrap\package.json
20 verbose targetResolver reading package data from C:\Users\Theresa\Documents\Github\CMPUT391_W16\node_modules\bower\package.json
21 verbose targetResolver reading package data from C:\Users\Theresa\Documents\Github\CMPUT391_W16\node_modules\cookie-parser\package.json
22 verbose targetResolver reading package data from C:\Users\Theresa\Documents\Github\CMPUT391_W16\node_modules\ejs\package.json
23 verbose targetResolver reading package data from C:\Users\Theresa\Documents\Github\CMPUT391_W16\node_modules\express\package.json
24 verbose targetResolver reading package data from C:\Users\Theresa\Documents\Github\CMPUT391_W16\node_modules\jquery\package.json
25 verbose targetResolver reading package data from C:\Users\Theresa\Documents\Github\CMPUT391_W16\node_modules\oracledb\package.json
26 verbose targetResolver reading package data from C:\Users\Theresa\Documents\Github\CMPUT391_W16\node_modules\.bin\bower\package.json
27 verbose targetResolver reading package data from C:\Users\Theresa\Documents\Github\CMPUT391_W16\node_modules\.bin\bower.cmd\package.json
28 verbose already installed skipping cookie-parser@^1.4.1 C:\Users\Theresa\Documents\Github\CMPUT391_W16
29 verbose already installed skipping ejs@^2.4.1 C:\Users\Theresa\Documents\Github\CMPUT391_W16
30 verbose already installed skipping express@^4.13.4 C:\Users\Theresa\Documents\Github\CMPUT391_W16
31 verbose already installed skipping jquery@^2.2.1 C:\Users\Theresa\Documents\Github\CMPUT391_W16
32 verbose already installed skipping oracledb@^1.7.1 C:\Users\Theresa\Documents\Github\CMPUT391_W16
33 verbose already installed skipping body-parser@^1.15.0 C:\Users\Theresa\Documents\Github\CMPUT391_W16
34 verbose already installed skipping bootstrap@^3.3.6 C:\Users\Theresa\Documents\Github\CMPUT391_W16
35 verbose already installed skipping bower@^1.7.7 C:\Users\Theresa\Documents\Github\CMPUT391_W16
36 silly install resolved []
37 info build C:\Users\Theresa\Documents\Github\CMPUT391_W16
38 info linkStuff c391-project1-jwoo-tcngo@1.0.0
39 silly linkStuff c391-project1-jwoo-tcngo@1.0.0 has C:\Users\Theresa\Documents\Github as its parent node_modules
40 verbose linkBins c391-project1-jwoo-tcngo@1.0.0
41 verbose linkMans c391-project1-jwoo-tcngo@1.0.0
42 verbose rebuildBundles c391-project1-jwoo-tcngo@1.0.0
43 verbose rebuildBundles [ '.bin',
43 verbose rebuildBundles   'body-parser',
43 verbose rebuildBundles   'bootstrap',
43 verbose rebuildBundles   'bower',
43 verbose rebuildBundles   'cookie-parser',
43 verbose rebuildBundles   'ejs',
43 verbose rebuildBundles   'express',
43 verbose rebuildBundles   'jquery',
43 verbose rebuildBundles   'oracledb' ]
44 info install c391-project1-jwoo-tcngo@1.0.0
45 info postinstall c391-project1-jwoo-tcngo@1.0.0
46 verbose unsafe-perm in lifecycle true
47 info c391-project1-jwoo-tcngo@1.0.0 Failed to exec postinstall script
48 verbose stack Error: c391-project1-jwoo-tcngo@1.0.0 postinstall: `bower install angular`
48 verbose stack Exit status 1
48 verbose stack     at EventEmitter.<anonymous> (C:\Program Files\nodejs\node_modules\npm\lib\utils\lifecycle.js:214:16)
48 verbose stack     at emitTwo (events.js:87:13)
48 verbose stack     at EventEmitter.emit (events.js:172:7)
48 verbose stack     at ChildProcess.<anonymous> (C:\Program Files\nodejs\node_modules\npm\lib\utils\spawn.js:24:14)
48 verbose stack     at emitTwo (events.js:87:13)
48 verbose stack     at ChildProcess.emit (events.js:172:7)
48 verbose stack     at maybeClose (internal/child_process.js:821:16)
48 verbose stack     at Process.ChildProcess._handle.onexit (internal/child_process.js:211:5)
49 verbose pkgid c391-project1-jwoo-tcngo@1.0.0
50 verbose cwd C:\Users\Theresa\Documents\Github\CMPUT391_W16
51 error Windows_NT 10.0.10586
52 error argv "C:\\Program Files\\nodejs\\node.exe" "C:\\Program Files\\nodejs\\node_modules\\npm\\bin\\npm-cli.js" "install"
53 error node v4.2.6
54 error npm  v2.14.12
55 error code ELIFECYCLE
56 error c391-project1-jwoo-tcngo@1.0.0 postinstall: `bower install angular`
56 error Exit status 1
57 error Failed at the c391-project1-jwoo-tcngo@1.0.0 postinstall script 'bower install angular'.
57 error This is most likely a problem with the c391-project1-jwoo-tcngo package,
57 error not with npm itself.
57 error Tell the author that this fails on your system:
57 error     bower install angular
57 error You can get their info via:
57 error     npm owner ls c391-project1-jwoo-tcngo
57 error There is likely additional logging output above.
58 verbose exit [ 1, true ]
